  [1m[35m (368.7ms)[0m  [1m[35mCREATE DATABASE "chat-app_development" ENCODING = 'unicode'[0m
  ↳ bin/rails:9
  [1m[35m (265.2ms)[0m  [1m[35mCREATE DATABASE "chat-app_test" ENCODING = 'unicode'[0m
  ↳ bin/rails:9
  [1m[35m (25.3ms)[0m  [1m[35mCREATE TABLE "schema_migrations" ("version" character varying NOT NULL PRIMARY KEY)[0m
  ↳ bin/rails:9
  [1m[35m (4.1ms)[0m  [1m[35mCREATE TABLE "ar_internal_metadata" ("key" character varying NOT NULL PRIMARY KEY, "value" character varying, "created_at" timestamp NOT NULL, "updated_at" timestamp NOT NULL)[0m
  ↳ bin/rails:9
  [1m[35m (0.8ms)[0m  [1m[34mSELECT pg_try_advisory_lock(5611949142403597455)[0m
  ↳ bin/rails:9
  [1m[35m (6.2ms)[0m  [1m[34mSELECT "schema_migrations"."version" FROM "schema_migrations" ORDER BY "schema_migrations"."version" ASC[0m
  ↳ bin/rails:9
Migrating to CreateUsers (20180822141056)
  [1m[35m (0.2ms)[0m  [1m[35mBEGIN[0m
  ↳ bin/rails:9
  [1m[35m (11.3ms)[0m  [1m[35mCREATE TABLE "users" ("id" bigserial primary key, "username" character varying, "created_at" timestamp NOT NULL, "updated_at" timestamp NOT NULL)[0m
  ↳ db/migrate/20180822141056_create_users.rb:3
  [1m[36mActiveRecord::SchemaMigration Create (3.8ms)[0m  [1m[32mINSERT INTO "schema_migrations" ("version") VALUES ($1) RETURNING "version"[0m  [["version", "20180822141056"]]
  ↳ bin/rails:9
  [1m[35m (0.6ms)[0m  [1m[35mCOMMIT[0m
  ↳ bin/rails:9
Migrating to CreateMessages (20180822141152)
  [1m[35m (0.2ms)[0m  [1m[35mBEGIN[0m
  ↳ bin/rails:9
  [1m[35m (3.3ms)[0m  [1m[35mCREATE TABLE "messages" ("id" bigserial primary key, "content" character varying, "user_id" integer, "channel_id" integer, "created_at" timestamp NOT NULL, "updated_at" timestamp NOT NULL)[0m
  ↳ db/migrate/20180822141152_create_messages.rb:3
  [1m[36mActiveRecord::SchemaMigration Create (0.4ms)[0m  [1m[32mINSERT INTO "schema_migrations" ("version") VALUES ($1) RETURNING "version"[0m  [["version", "20180822141152"]]
  ↳ bin/rails:9
  [1m[35m (0.4ms)[0m  [1m[35mCOMMIT[0m
  ↳ bin/rails:9
Migrating to CreateChannels (20180822141201)
  [1m[35m (0.4ms)[0m  [1m[35mBEGIN[0m
  ↳ bin/rails:9
  [1m[35m (5.9ms)[0m  [1m[35mCREATE TABLE "channels" ("id" bigserial primary key, "name" character varying, "created_at" timestamp NOT NULL, "updated_at" timestamp NOT NULL)[0m
  ↳ db/migrate/20180822141201_create_channels.rb:3
  [1m[36mActiveRecord::SchemaMigration Create (0.3ms)[0m  [1m[32mINSERT INTO "schema_migrations" ("version") VALUES ($1) RETURNING "version"[0m  [["version", "20180822141201"]]
  ↳ bin/rails:9
  [1m[35m (0.4ms)[0m  [1m[35mCOMMIT[0m
  ↳ bin/rails:9
  [1m[36mActiveRecord::InternalMetadata Load (0.6ms)[0m  [1m[34mSELECT  "ar_internal_metadata".* FROM "ar_internal_metadata" WHERE "ar_internal_metadata"."key" = $1 LIMIT $2[0m  [["key", "environment"], ["LIMIT", 1]]
  ↳ bin/rails:9
  [1m[35m (0.2ms)[0m  [1m[35mBEGIN[0m
  ↳ bin/rails:9
  [1m[36mActiveRecord::InternalMetadata Create (0.8ms)[0m  [1m[32mINSERT INTO "ar_internal_metadata" ("key", "value", "created_at", "updated_at") VALUES ($1, $2, $3, $4) RETURNING "key"[0m  [["key", "environment"], ["value", "development"], ["created_at", "2018-08-22 14:20:04.248563"], ["updated_at", "2018-08-22 14:20:04.248563"]]
  ↳ bin/rails:9
  [1m[35m (0.3ms)[0m  [1m[35mCOMMIT[0m
  ↳ bin/rails:9
  [1m[35m (0.2ms)[0m  [1m[34mSELECT pg_advisory_unlock(5611949142403597455)[0m
  ↳ bin/rails:9
  [1m[35m (0.6ms)[0m  [1m[34mSELECT "schema_migrations"."version" FROM "schema_migrations" ORDER BY "schema_migrations"."version" ASC[0m
  ↳ bin/rails:9
Started GET "/" for 127.0.0.1 at 2018-08-22 11:00:30 -0400
  [1m[35m (1.3ms)[0m  [1m[34mSELECT "schema_migrations"."version" FROM "schema_migrations" ORDER BY "schema_migrations"."version" ASC[0m
  ↳ /Users/owner/.rvm/gems/ruby-2.3.3/gems/activerecord-5.2.1/lib/active_record/log_subscriber.rb:98
Processing by Rails::WelcomeController#index as HTML
  Rendering /Users/owner/.rvm/gems/ruby-2.3.3/gems/railties-5.2.1/lib/rails/templates/rails/welcome/index.html.erb
  Rendered /Users/owner/.rvm/gems/ruby-2.3.3/gems/railties-5.2.1/lib/rails/templates/rails/welcome/index.html.erb (5.3ms)
Completed 200 OK in 17ms (Views: 14.2ms | ActiveRecord: 0.0ms)


Started GET "/users" for 127.0.0.1 at 2018-08-22 11:00:34 -0400
Processing by UsersController#index as HTML
  [1m[36mUser Load (1.0ms)[0m  [1m[34mSELECT "users".* FROM "users"[0m
  ↳ app/controllers/users_controller.rb:8
Completed 200 OK in 24ms (Views: 2.1ms | ActiveRecord: 5.1ms)


Started GET "/messages" for 127.0.0.1 at 2018-08-22 11:00:40 -0400
Processing by MessagesController#index as HTML
  [1m[36mMessage Load (1.0ms)[0m  [1m[34mSELECT "messages".* FROM "messages"[0m
  ↳ app/controllers/messages_controller.rb:8
Completed 200 OK in 13ms (Views: 1.8ms | ActiveRecord: 2.8ms)


Started GET "/channels" for 127.0.0.1 at 2018-08-22 11:00:48 -0400
Processing by ChannelsController#index as HTML
  [1m[36mChannel Load (1.0ms)[0m  [1m[34mSELECT "channels".* FROM "channels"[0m
  ↳ app/controllers/channels_controller.rb:8
Completed 200 OK in 10ms (Views: 1.5ms | ActiveRecord: 3.1ms)


  [1m[35m (0.9ms)[0m  [1m[34mSELECT "schema_migrations"."version" FROM "schema_migrations" ORDER BY "schema_migrations"."version" ASC[0m
  ↳ bin/rails:9
  [1m[35m (0.3ms)[0m  [1m[35mBEGIN[0m
  ↳ db/seeds.rb:10
  [1m[36mUser Create (1.6ms)[0m  [1m[32mINSERT INTO "users" ("username", "created_at", "updated_at") VALUES ($1, $2, $3) RETURNING "id"[0m  [["username", "runandre"], ["created_at", "2018-08-22 15:05:16.905795"], ["updated_at", "2018-08-22 15:05:16.905795"]]
  ↳ db/seeds.rb:10
  [1m[35m (0.6ms)[0m  [1m[35mCOMMIT[0m
  ↳ db/seeds.rb:10
  [1m[35m (0.5ms)[0m  [1m[35mBEGIN[0m
  ↳ db/seeds.rb:11
  [1m[36mChannel Create (1.9ms)[0m  [1m[32mINSERT INTO "channels" ("name", "created_at", "updated_at") VALUES ($1, $2, $3) RETURNING "id"[0m  [["name", "COOL!"], ["created_at", "2018-08-22 15:05:16.924243"], ["updated_at", "2018-08-22 15:05:16.924243"]]
  ↳ db/seeds.rb:11
  [1m[35m (0.3ms)[0m  [1m[35mCOMMIT[0m
  ↳ db/seeds.rb:11
  [1m[35m (0.2ms)[0m  [1m[35mBEGIN[0m
  ↳ db/seeds.rb:12
  [1m[36mUser Load (0.6ms)[0m  [1m[34mSELECT  "users".* FROM "users" WHERE "users"."id" = $1 LIMIT $2[0m  [["id", 1], ["LIMIT", 1]]
  ↳ db/seeds.rb:12
  [1m[36mChannel Load (0.3ms)[0m  [1m[34mSELECT  "channels".* FROM "channels" WHERE "channels"."id" = $1 LIMIT $2[0m  [["id", 1], ["LIMIT", 1]]
  ↳ db/seeds.rb:12
  [1m[36mMessage Create (1.0ms)[0m  [1m[32mINSERT INTO "messages" ("content", "user_id", "channel_id", "created_at", "updated_at") VALUES ($1, $2, $3, $4, $5) RETURNING "id"[0m  [["content", "WELCOME!!"], ["user_id", 1], ["channel_id", 1], ["created_at", "2018-08-22 15:05:16.972923"], ["updated_at", "2018-08-22 15:05:16.972923"]]
  ↳ db/seeds.rb:12
  [1m[35m (0.3ms)[0m  [1m[35mCOMMIT[0m
  ↳ db/seeds.rb:12
Started GET "/channels" for 127.0.0.1 at 2018-08-22 11:05:27 -0400
  [1m[35m (1.6ms)[0m  [1m[34mSELECT "schema_migrations"."version" FROM "schema_migrations" ORDER BY "schema_migrations"."version" ASC[0m
  ↳ /Users/owner/.rvm/gems/ruby-2.3.3/gems/activerecord-5.2.1/lib/active_record/log_subscriber.rb:98
Processing by ChannelsController#index as HTML
  [1m[36mChannel Load (0.8ms)[0m  [1m[34mSELECT "channels".* FROM "channels"[0m
  ↳ app/controllers/channels_controller.rb:8
Completed 200 OK in 20ms (Views: 6.5ms | ActiveRecord: 6.8ms)


Started GET "/users" for 127.0.0.1 at 2018-08-22 11:05:33 -0400
Processing by UsersController#index as HTML
  [1m[36mUser Load (1.6ms)[0m  [1m[34mSELECT "users".* FROM "users"[0m
  ↳ app/controllers/users_controller.rb:8
Completed 200 OK in 53ms (Views: 17.0ms | ActiveRecord: 23.5ms)


Started GET "/users" for 127.0.0.1 at 2018-08-22 11:05:48 -0400
Started GET "/users" for 127.0.0.1 at 2018-08-22 11:05:58 -0400
Started GET "/users" for 127.0.0.1 at 2018-08-22 11:05:58 -0400
Processing by UsersController#index as HTML
  [1m[36mUser Load (0.9ms)[0m  [1m[34mSELECT "users".* FROM "users"[0m
  ↳ app/controllers/users_controller.rb:8
Completed 200 OK in 49ms (Views: 20.5ms | ActiveRecord: 16.9ms)


Processing by UsersController#index as HTML
Processing by UsersController#index as HTML
  [1m[36mUser Load (1.2ms)[0m  [1m[34mSELECT "users".* FROM "users"[0m
  [1m[36mUser Load (1.6ms)[0m  [1m[34mSELECT "users".* FROM "users"[0m
  ↳ app/controllers/users_controller.rb:8
  ↳ app/controllers/users_controller.rb:8
Completed 200 OK in 36ms (Views: 16.4ms | ActiveRecord: 9.7ms)


Completed 200 OK in 52ms (Views: 19.0ms | ActiveRecord: 23.1ms)


Started GET "/users" for 127.0.0.1 at 2018-08-22 11:08:42 -0400
Processing by UsersController#index as HTML
  [1m[36mUser Load (0.3ms)[0m  [1m[34mSELECT "users".* FROM "users"[0m
  ↳ app/controllers/users_controller.rb:8
Completed 200 OK in 1ms (Views: 0.9ms | ActiveRecord: 0.3ms)


Started GET "/users" for 127.0.0.1 at 2018-08-22 11:09:54 -0400
Processing by UsersController#index as HTML
  [1m[36mUser Load (0.4ms)[0m  [1m[34mSELECT "users".* FROM "users"[0m
  ↳ app/controllers/users_controller.rb:8
Completed 200 OK in 15ms (Views: 4.9ms | ActiveRecord: 5.5ms)


Started GET "/users" for 127.0.0.1 at 2018-08-22 11:10:12 -0400
  [1m[35m (0.8ms)[0m  [1m[34mSELECT "schema_migrations"."version" FROM "schema_migrations" ORDER BY "schema_migrations"."version" ASC[0m
  ↳ /Users/owner/.rvm/gems/ruby-2.3.3/gems/activerecord-5.2.1/lib/active_record/log_subscriber.rb:98
Processing by UsersController#index as HTML
  [1m[36mUser Load (0.6ms)[0m  [1m[34mSELECT "users".* FROM "users"[0m
  ↳ app/controllers/users_controller.rb:8
Completed 200 OK in 20ms (Views: 6.6ms | ActiveRecord: 7.7ms)


Started GET "/users" for 127.0.0.1 at 2018-08-22 11:10:19 -0400
Processing by UsersController#index as HTML
  [1m[36mUser Load (0.7ms)[0m  [1m[34mSELECT "users".* FROM "users"[0m
  ↳ app/controllers/users_controller.rb:8
Completed 200 OK in 2ms (Views: 1.1ms | ActiveRecord: 0.7ms)


Started GET "/users" for 127.0.0.1 at 2018-08-22 11:11:34 -0400
Processing by UsersController#index as HTML
  [1m[36mUser Load (0.3ms)[0m  [1m[34mSELECT "users".* FROM "users"[0m
  ↳ app/controllers/users_controller.rb:8
Completed 200 OK in 19ms (Views: 5.5ms | ActiveRecord: 10.5ms)


Started GET "/users/1" for 127.0.0.1 at 2018-08-22 11:11:49 -0400
Processing by UsersController#show as HTML
  Parameters: {"id"=>"1"}
  [1m[36mUser Load (0.4ms)[0m  [1m[34mSELECT  "users".* FROM "users" WHERE "users"."id" = $1 LIMIT $2[0m  [["id", 1], ["LIMIT", 1]]
  ↳ app/controllers/users_controller.rb:44
Completed 200 OK in 6ms (Views: 0.7ms | ActiveRecord: 0.6ms)


Started GET "/messages" for 127.0.0.1 at 2018-08-22 11:14:23 -0400
Processing by MessagesController#index as HTML
  [1m[36mMessage Load (0.8ms)[0m  [1m[34mSELECT "messages".* FROM "messages"[0m
  ↳ app/controllers/messages_controller.rb:8
Completed 200 OK in 24ms (Views: 11.6ms | ActiveRecord: 6.6ms)


Started GET "/messages/1" for 127.0.0.1 at 2018-08-22 11:14:34 -0400
Processing by MessagesController#show as HTML
  Parameters: {"id"=>"1"}
  [1m[36mMessage Load (0.4ms)[0m  [1m[34mSELECT  "messages".* FROM "messages" WHERE "messages"."id" = $1 LIMIT $2[0m  [["id", 1], ["LIMIT", 1]]
  ↳ app/controllers/messages_controller.rb:44
Completed 200 OK in 4ms (Views: 0.6ms | ActiveRecord: 0.4ms)


Started GET "/users" for 127.0.0.1 at 2018-08-22 11:14:56 -0400
Processing by UsersController#index as HTML
  [1m[36mUser Load (0.6ms)[0m  [1m[34mSELECT "users".* FROM "users"[0m
  ↳ app/controllers/users_controller.rb:8
Completed 200 OK in 20ms (Views: 7.8ms | ActiveRecord: 7.0ms)


Started GET "/users" for 127.0.0.1 at 2018-08-22 11:14:59 -0400
Processing by UsersController#index as HTML
  [1m[36mUser Load (0.5ms)[0m  [1m[34mSELECT "users".* FROM "users"[0m
  ↳ app/controllers/users_controller.rb:8
Completed 200 OK in 3ms (Views: 1.6ms | ActiveRecord: 0.5ms)


Started GET "/users" for 127.0.0.1 at 2018-08-22 11:16:27 -0400
Processing by UsersController#index as HTML
  [1m[36mUser Load (0.9ms)[0m  [1m[34mSELECT "users".* FROM "users"[0m
  ↳ app/controllers/users_controller.rb:8
Completed 200 OK in 20ms (Views: 8.2ms | ActiveRecord: 6.3ms)


Started GET "/messages" for 127.0.0.1 at 2018-08-22 11:16:31 -0400
Processing by MessagesController#index as HTML
  [1m[36mMessage Load (1.4ms)[0m  [1m[34mSELECT "messages".* FROM "messages"[0m
  ↳ app/controllers/messages_controller.rb:8
Completed 200 OK in 19ms (Views: 7.7ms | ActiveRecord: 7.3ms)


Started GET "/messages" for 127.0.0.1 at 2018-08-22 11:17:31 -0400
Processing by MessagesController#index as HTML
  [1m[36mMessage Load (0.5ms)[0m  [1m[34mSELECT "messages".* FROM "messages"[0m
  ↳ app/controllers/messages_controller.rb:8
Completed 200 OK in 17ms (Views: 8.6ms | ActiveRecord: 5.7ms)


Started GET "/messages" for 127.0.0.1 at 2018-08-22 11:17:46 -0400
Processing by MessagesController#index as HTML
  [1m[36mMessage Load (0.3ms)[0m  [1m[34mSELECT "messages".* FROM "messages"[0m
  ↳ app/controllers/messages_controller.rb:8
Completed 200 OK in 17ms (Views: 9.3ms | ActiveRecord: 5.6ms)


Started GET "/users" for 127.0.0.1 at 2018-08-22 11:17:51 -0400
Processing by UsersController#index as HTML
  [1m[36mUser Load (0.4ms)[0m  [1m[34mSELECT "users".* FROM "users"[0m
  ↳ app/controllers/users_controller.rb:8
Completed 200 OK in 16ms (Views: 5.6ms | ActiveRecord: 5.0ms)


Started GET "/users" for 127.0.0.1 at 2018-08-22 11:18:38 -0400
Processing by UsersController#index as HTML
  [1m[36mUser Load (0.5ms)[0m  [1m[34mSELECT "users".* FROM "users"[0m
  ↳ app/controllers/users_controller.rb:8
Completed 200 OK in 19ms (Views: 5.9ms | ActiveRecord: 6.7ms)


Started GET "/users/1" for 127.0.0.1 at 2018-08-22 11:19:33 -0400
Processing by UsersController#show as HTML
  Parameters: {"id"=>"1"}
  [1m[36mUser Load (0.3ms)[0m  [1m[34mSELECT  "users".* FROM "users" WHERE "users"."id" = $1 LIMIT $2[0m  [["id", 1], ["LIMIT", 1]]
  ↳ app/controllers/users_controller.rb:44
Completed 200 OK in 2ms (Views: 0.3ms | ActiveRecord: 0.3ms)


Started GET "/users/1" for 127.0.0.1 at 2018-08-22 11:21:18 -0400
Processing by UsersController#show as HTML
  Parameters: {"id"=>"1"}
  [1m[36mUser Load (0.3ms)[0m  [1m[34mSELECT  "users".* FROM "users" WHERE "users"."id" = $1 LIMIT $2[0m  [["id", 1], ["LIMIT", 1]]
  ↳ app/controllers/users_controller.rb:44
Completed 200 OK in 16ms (Views: 0.4ms | ActiveRecord: 6.6ms)


Started GET "/users" for 127.0.0.1 at 2018-08-22 11:21:22 -0400
Processing by UsersController#index as HTML
  [1m[36mUser Load (0.7ms)[0m  [1m[34mSELECT "users".* FROM "users"[0m
  ↳ app/controllers/users_controller.rb:8
Completed 200 OK in 4ms (Views: 2.5ms | ActiveRecord: 0.7ms)


Started GET "/users" for 127.0.0.1 at 2018-08-22 11:21:38 -0400
Processing by UsersController#index as HTML
  [1m[36mUser Load (0.4ms)[0m  [1m[34mSELECT "users".* FROM "users"[0m
  ↳ app/controllers/users_controller.rb:8
Completed 200 OK in 15ms (Views: 5.7ms | ActiveRecord: 5.4ms)


Started GET "/users" for 127.0.0.1 at 2018-08-22 11:21:49 -0400
Processing by UsersController#index as HTML
  [1m[36mUser Load (0.4ms)[0m  [1m[34mSELECT "users".* FROM "users"[0m
  ↳ app/controllers/users_controller.rb:8
Completed 200 OK in 18ms (Views: 6.7ms | ActiveRecord: 7.3ms)


Started GET "/messages" for 127.0.0.1 at 2018-08-22 11:22:31 -0400
Processing by MessagesController#index as HTML
  [1m[36mMessage Load (0.6ms)[0m  [1m[34mSELECT "messages".* FROM "messages"[0m
  ↳ app/controllers/messages_controller.rb:8
Completed 200 OK in 16ms (Views: 7.4ms | ActiveRecord: 6.7ms)


Started GET "/channels" for 127.0.0.1 at 2018-08-22 11:22:37 -0400
Processing by ChannelsController#index as HTML
  [1m[36mChannel Load (0.5ms)[0m  [1m[34mSELECT "channels".* FROM "channels"[0m
  ↳ app/controllers/channels_controller.rb:8
Completed 200 OK in 12ms (Views: 4.5ms | ActiveRecord: 4.7ms)


  [1m[36mUser Load (0.5ms)[0m  [1m[34mSELECT  "users".* FROM "users" LIMIT $1[0m  [["LIMIT", 11]]
  [1m[36mChannel Load (0.8ms)[0m  [1m[34mSELECT  "channels".* FROM "channels" LIMIT $1[0m  [["LIMIT", 11]]
  [1m[36mUser Load (0.3ms)[0m  [1m[34mSELECT  "users".* FROM "users" WHERE "users"."id" = $1 LIMIT $2[0m  [["id", 1], ["LIMIT", 1]]
  [1m[36mMessage Load (0.4ms)[0m  [1m[34mSELECT  "messages".* FROM "messages" WHERE "messages"."user_id" = $1 LIMIT $2[0m  [["user_id", 1], ["LIMIT", 11]]
  [1m[36mChannel Load (0.6ms)[0m  [1m[34mSELECT  "channels".* FROM "channels" INNER JOIN "messages" ON "channels"."id" = "messages"."channel_id" WHERE "messages"."user_id" = $1 LIMIT $2[0m  [["user_id", 1], ["LIMIT", 11]]
Started GET "/" for 127.0.0.1 at 2018-08-22 11:26:30 -0400
  [1m[35m (1.3ms)[0m  [1m[34mSELECT "schema_migrations"."version" FROM "schema_migrations" ORDER BY "schema_migrations"."version" ASC[0m
  ↳ /Users/owner/.rvm/gems/ruby-2.3.3/gems/activerecord-5.2.1/lib/active_record/log_subscriber.rb:98
Processing by Rails::WelcomeController#index as HTML
  Rendering /Users/owner/.rvm/gems/ruby-2.3.3/gems/railties-5.2.1/lib/rails/templates/rails/welcome/index.html.erb
  Rendered /Users/owner/.rvm/gems/ruby-2.3.3/gems/railties-5.2.1/lib/rails/templates/rails/welcome/index.html.erb (4.7ms)
Completed 200 OK in 12ms (Views: 9.1ms | ActiveRecord: 0.0ms)


Started GET "/users" for 127.0.0.1 at 2018-08-22 11:26:35 -0400
Processing by UsersController#index as HTML
  [1m[36mUser Load (0.9ms)[0m  [1m[34mSELECT "users".* FROM "users"[0m
  ↳ app/controllers/users_controller.rb:8
Completed 200 OK in 40ms (Views: 9.9ms | ActiveRecord: 10.4ms)


Started GET "/users" for 127.0.0.1 at 2018-08-22 11:27:41 -0400
  [1m[35m (1.0ms)[0m  [1m[34mSELECT "schema_migrations"."version" FROM "schema_migrations" ORDER BY "schema_migrations"."version" ASC[0m
  ↳ /Users/owner/.rvm/gems/ruby-2.3.3/gems/activerecord-5.2.1/lib/active_record/log_subscriber.rb:98
Processing by UsersController#index as HTML
  [1m[36mUser Load (0.6ms)[0m  [1m[34mSELECT "users".* FROM "users"[0m
  ↳ app/controllers/users_controller.rb:8
[active_model_serializers]   [1m[36mMessage Load (0.4ms)[0m  [1m[34mSELECT "messages".* FROM "messages" WHERE "messages"."user_id" = $1[0m  [["user_id", 1]]
[active_model_serializers]   ↳ app/controllers/users_controller.rb:8
[active_model_serializers]   [1m[36mChannel Load (1.0ms)[0m  [1m[34mSELECT "channels".* FROM "channels" INNER JOIN "messages" ON "channels"."id" = "messages"."channel_id" WHERE "messages"."user_id" = $1[0m  [["user_id", 1]]
[active_model_serializers]   ↳ app/controllers/users_controller.rb:8
[active_model_serializers] Rendered ActiveModel::Serializer::CollectionSerializer with ActiveModelSerializers::Adapter::Attributes (58.22ms)
Completed 200 OK in 122ms (Views: 95.7ms | ActiveRecord: 19.9ms)


